<?xml version="1.0" encoding="UTF-8"?>
<!-- Generated by org.testng.reporters.JUnitReportReporter -->
<testsuite hostname="Mayu-PC" name="test.MainPageTest" tests="1" failures="0" timestamp="21 Feb 2019 16:48:40 GMT" time="20.247" errors="0">
  <testcase name="verifyMainPage" time="20.247" classname="test.MainPageTest"/>
</testsuite> <!-- test.MainPageTest -->
