<?xml version="1.0" encoding="UTF-8"?>
<!-- Generated by org.testng.reporters.JUnitReportReporter -->
<testsuite hostname="Mayu-PC" name="Project.Projecto.Test99GuruLogin" tests="1" failures="0" timestamp="7 Jan 2019 17:21:31 GMT" time="0.010" errors="1">
  <testcase name="test_Home_Page_Appear_Correct" time="0.010" classname="Project.Projecto.Test99GuruLogin">
    <error type="org.openqa.selenium.WebDriverException" message="Failed to connect to binary FirefoxBinary(C:\Program Files (x86)\Mozilla Firefox\firefox.exe) on port 7055; process output follows: 
or C:\Program Files (x86)\Mozilla Firefox\browser\features\firefox@getpocket.com.xpi
1546881647096	addons.xpi	DEBUG	Calling bootstrap method startup on firefox@getpocket.com version 1.0.5
1546881647111	addons.xpi	DEBUG	Calling bootstrap method startup on formautofill@mozilla.org version 1.0
1546881647113	addons.xpi	DEBUG	Registering manifest for C:\Program Files (x86)\Mozilla Firefox\browser\features\onboarding@mozilla.org.xpi
1546881647114	addons.xpi	DEBUG	Calling bootstrap method startup on onboarding@mozilla.org version 1.0
1546881647115	addons.xpi	DEBUG	Registering manifest for C:\Program Files (x86)\Mozilla Firefox\browser\features\screenshots@mozilla.org.xpi
1546881647115	addons.xpi	DEBUG	Calling bootstrap method startup on screenshots@mozilla.org version 33.0.0
1546881647115	addons.xpi	DEBUG	Registering manifest for C:\Program Files (x86)\Mozilla Firefox\browser\features\webcompat-reporter@mozilla.org.xpi
1546881647116	addons.xpi	DEBUG	Calling bootstrap method startup on webcompat-reporter@mozilla.org version 1.0.0
1546881647117	addons.xpi	DEBUG	Registering manifest for C:\Program Files (x86)\Mozilla Firefox\browser\features\webcompat@mozilla.org.xpi
1546881647120	addons.xpi	DEBUG	Calling bootstrap method startup on webcompat@mozilla.org version 2.0.1
1546881647124	addons.manager	DEBUG	Registering shutdown blocker for XPIProvider
1546881647124	addons.manager	DEBUG	Provider finished startup: XPIProvider
1546881647124	addons.manager	DEBUG	Starting provider: LightweightThemeManager
1546881647124	addons.manager	DEBUG	Registering shutdown blocker for LightweightThemeManager
1546881647126	addons.manager	DEBUG	Provider finished startup: LightweightThemeManager
1546881647127	addons.manager	DEBUG	Starting provider: GMPProvider
1546881647131	addons.manager	DEBUG	Registering shutdown blocker for GMPProvider
1546881647132	addons.manager	DEBUG	Provider finished startup: GMPProvider
1546881647132	addons.manager	DEBUG	Starting provider: PluginProvider
1546881647132	addons.manager	DEBUG	Registering shutdown blocker for PluginProvider
1546881647132	addons.manager	DEBUG	Provider finished startup: PluginProvider
1546881647140	addons.manager	DEBUG	Completed startup sequence
1546881648570	addons.repository	DEBUG	No addons.json found.
1546881651377	addons.manager	DEBUG	Registering upgrade listener for formautofill@mozilla.org
1546881652593	addons.xpi	DEBUG	Ignoring file: name is not a valid add-on ID: C:\Users\Mayu\AppData\Local\Temp\anonymous3409285503892087695webdriver-profile\extensions\webdriver-staging
1546881652594	addons.xpi	DEBUG	Existing add-on aushelper@mozilla.org in app-system-defaults
1546881652594	addons.xpi	DEBUG	Existing add-on firefox@getpocket.com in app-system-defaults
1546881652595	addons.xpi	DEBUG	Existing add-on formautofill@mozilla.org in app-system-defaults
1546881652595	addons.xpi	DEBUG	Existing add-on onboarding@mozilla.org in app-system-defaults
1546881652596	addons.xpi	DEBUG	Existing add-on screenshots@mozilla.org in app-system-defaults
1546881652596	addons.xpi	DEBUG	Existing add-on webcompat-reporter@mozilla.org in app-system-defaults
1546881652596	addons.xpi	DEBUG	Existing add-on webcompat@mozilla.org in app-system-defaults
1546881652598	addons.xpi	DEBUG	scanForChanges changed: false, state: {}
JavaScript error: resource://gre/modules/addons/XPIProvider.jsm, line 2600: TypeError: addon is null
1546881672890	addons.productaddons	INFO	sending request to: https://aus5.mozilla.org/update/3/GMP/63.0.3/20181114214635/WINNT_x86-msvc-x64/en-US/release/Windows_NT%206.1.1.0.7601%20(x64)/default/default/update.xml
1546881673741	addons.productaddons	INFO	Completed downloading document
1546881675010	addons.productaddons	INFO	downloadXHR File download. status=200
1546881675014	addons.productaddons	INFO	Downloaded file will be saved to C:\Users\Mayu\AppData\Local\Temp\tmpaddon-7f586e
1546881676571	addons.productaddons	INFO	downloadXHR File download. status=200
1546881676576	addons.productaddons	INFO	Downloaded file will be saved to C:\Users\Mayu\AppData\Local\Temp\tmpaddon-59b16c

Build info: version: &#039;2.53.1&#039;, revision: &#039;a36b8b1&#039;, time: &#039;2016-06-30 17:32:46&#039;
System info: host: &#039;Mayu-PC&#039;, ip: &#039;192.168.0.107&#039;, os.name: &#039;Windows 7&#039;, os.arch: &#039;amd64&#039;, os.version: &#039;6.1&#039;, java.version: &#039;1.8.0_191&#039;
Driver info: driver.version: FirefoxDriver">
      <![CDATA[org.openqa.selenium.WebDriverException: Failed to connect to binary FirefoxBinary(C:\Program Files (x86)\Mozilla Firefox\firefox.exe) on port 7055; process output follows: 
or C:\Program Files (x86)\Mozilla Firefox\browser\features\firefox@getpocket.com.xpi
1546881647096	addons.xpi	DEBUG	Calling bootstrap method startup on firefox@getpocket.com version 1.0.5
1546881647111	addons.xpi	DEBUG	Calling bootstrap method startup on formautofill@mozilla.org version 1.0
1546881647113	addons.xpi	DEBUG	Registering manifest for C:\Program Files (x86)\Mozilla Firefox\browser\features\onboarding@mozilla.org.xpi
1546881647114	addons.xpi	DEBUG	Calling bootstrap method startup on onboarding@mozilla.org version 1.0
1546881647115	addons.xpi	DEBUG	Registering manifest for C:\Program Files (x86)\Mozilla Firefox\browser\features\screenshots@mozilla.org.xpi
1546881647115	addons.xpi	DEBUG	Calling bootstrap method startup on screenshots@mozilla.org version 33.0.0
1546881647115	addons.xpi	DEBUG	Registering manifest for C:\Program Files (x86)\Mozilla Firefox\browser\features\webcompat-reporter@mozilla.org.xpi
1546881647116	addons.xpi	DEBUG	Calling bootstrap method startup on webcompat-reporter@mozilla.org version 1.0.0
1546881647117	addons.xpi	DEBUG	Registering manifest for C:\Program Files (x86)\Mozilla Firefox\browser\features\webcompat@mozilla.org.xpi
1546881647120	addons.xpi	DEBUG	Calling bootstrap method startup on webcompat@mozilla.org version 2.0.1
1546881647124	addons.manager	DEBUG	Registering shutdown blocker for XPIProvider
1546881647124	addons.manager	DEBUG	Provider finished startup: XPIProvider
1546881647124	addons.manager	DEBUG	Starting provider: LightweightThemeManager
1546881647124	addons.manager	DEBUG	Registering shutdown blocker for LightweightThemeManager
1546881647126	addons.manager	DEBUG	Provider finished startup: LightweightThemeManager
1546881647127	addons.manager	DEBUG	Starting provider: GMPProvider
1546881647131	addons.manager	DEBUG	Registering shutdown blocker for GMPProvider
1546881647132	addons.manager	DEBUG	Provider finished startup: GMPProvider
1546881647132	addons.manager	DEBUG	Starting provider: PluginProvider
1546881647132	addons.manager	DEBUG	Registering shutdown blocker for PluginProvider
1546881647132	addons.manager	DEBUG	Provider finished startup: PluginProvider
1546881647140	addons.manager	DEBUG	Completed startup sequence
1546881648570	addons.repository	DEBUG	No addons.json found.
1546881651377	addons.manager	DEBUG	Registering upgrade listener for formautofill@mozilla.org
1546881652593	addons.xpi	DEBUG	Ignoring file: name is not a valid add-on ID: C:\Users\Mayu\AppData\Local\Temp\anonymous3409285503892087695webdriver-profile\extensions\webdriver-staging
1546881652594	addons.xpi	DEBUG	Existing add-on aushelper@mozilla.org in app-system-defaults
1546881652594	addons.xpi	DEBUG	Existing add-on firefox@getpocket.com in app-system-defaults
1546881652595	addons.xpi	DEBUG	Existing add-on formautofill@mozilla.org in app-system-defaults
1546881652595	addons.xpi	DEBUG	Existing add-on onboarding@mozilla.org in app-system-defaults
1546881652596	addons.xpi	DEBUG	Existing add-on screenshots@mozilla.org in app-system-defaults
1546881652596	addons.xpi	DEBUG	Existing add-on webcompat-reporter@mozilla.org in app-system-defaults
1546881652596	addons.xpi	DEBUG	Existing add-on webcompat@mozilla.org in app-system-defaults
1546881652598	addons.xpi	DEBUG	scanForChanges changed: false, state: {}
JavaScript error: resource://gre/modules/addons/XPIProvider.jsm, line 2600: TypeError: addon is null
1546881672890	addons.productaddons	INFO	sending request to: https://aus5.mozilla.org/update/3/GMP/63.0.3/20181114214635/WINNT_x86-msvc-x64/en-US/release/Windows_NT%206.1.1.0.7601%20(x64)/default/default/update.xml
1546881673741	addons.productaddons	INFO	Completed downloading document
1546881675010	addons.productaddons	INFO	downloadXHR File download. status=200
1546881675014	addons.productaddons	INFO	Downloaded file will be saved to C:\Users\Mayu\AppData\Local\Temp\tmpaddon-7f586e
1546881676571	addons.productaddons	INFO	downloadXHR File download. status=200
1546881676576	addons.productaddons	INFO	Downloaded file will be saved to C:\Users\Mayu\AppData\Local\Temp\tmpaddon-59b16c

Build info: version: '2.53.1', revision: 'a36b8b1', time: '2016-06-30 17:32:46'
System info: host: 'Mayu-PC', ip: '192.168.0.107', os.name: 'Windows 7', os.arch: 'amd64', os.version: '6.1', java.version: '1.8.0_191'
Driver info: driver.version: FirefoxDriver
	at org.openqa.selenium.firefox.internal.NewProfileExtensionConnection.start(NewProfileExtensionConnection.java:124)
	at org.openqa.selenium.firefox.FirefoxDriver.startClient(FirefoxDriver.java:271)
	at org.openqa.selenium.remote.RemoteWebDriver.<init>(RemoteWebDriver.java:119)
	at org.openqa.selenium.firefox.FirefoxDriver.<init>(FirefoxDriver.java:218)
	at org.openqa.selenium.firefox.FirefoxDriver.<init>(FirefoxDriver.java:211)
	at org.openqa.selenium.firefox.FirefoxDriver.<init>(FirefoxDriver.java:207)
	at org.openqa.selenium.firefox.FirefoxDriver.<init>(FirefoxDriver.java:120)
	at Project.Projecto.Test99GuruLogin.setup(Test99GuruLogin.java:31)
	at sun.reflect.NativeMethodAccessorImpl.invoke0(Native Method)
	at sun.reflect.NativeMethodAccessorImpl.invoke(NativeMethodAccessorImpl.java:62)
	at sun.reflect.DelegatingMethodAccessorImpl.invoke(DelegatingMethodAccessorImpl.java:43)
	at java.lang.reflect.Method.invoke(Method.java:498)
	at org.testng.internal.MethodInvocationHelper.invokeMethod(MethodInvocationHelper.java:85)
	at org.testng.internal.Invoker.invokeConfigurationMethod(Invoker.java:510)
	at org.testng.internal.Invoker.invokeConfigurations(Invoker.java:211)
	at org.testng.internal.Invoker.invokeConfigurations(Invoker.java:138)
	at org.testng.TestRunner.beforeRun(TestRunner.java:648)
	at org.testng.TestRunner.run(TestRunner.java:616)
	at org.testng.SuiteRunner.runTest(SuiteRunner.java:359)
	at org.testng.SuiteRunner.runSequentially(SuiteRunner.java:354)
	at org.testng.SuiteRunner.privateRun(SuiteRunner.java:312)
	at org.testng.SuiteRunner.run(SuiteRunner.java:261)
	at org.testng.SuiteRunnerWorker.runSuite(SuiteRunnerWorker.java:52)
	at org.testng.SuiteRunnerWorker.run(SuiteRunnerWorker.java:86)
	at org.testng.TestNG.runSuitesSequentially(TestNG.java:1215)
	at org.testng.TestNG.runSuitesLocally(TestNG.java:1140)
	at org.testng.TestNG.run(TestNG.java:1048)
	at org.testng.remote.AbstractRemoteTestNG.run(AbstractRemoteTestNG.java:114)
	at org.testng.remote.RemoteTestNG.initAndRun(RemoteTestNG.java:251)
	at org.testng.remote.RemoteTestNG.main(RemoteTestNG.java:77)
Caused by: org.openqa.selenium.firefox.NotConnectedException: Unable to connect to host 127.0.0.1 on port 7055 after 45000 ms. Firefox console output:
or C:\Program Files (x86)\Mozilla Firefox\browser\features\firefox@getpocket.com.xpi
1546881647096	addons.xpi	DEBUG	Calling bootstrap method startup on firefox@getpocket.com version 1.0.5
1546881647111	addons.xpi	DEBUG	Calling bootstrap method startup on formautofill@mozilla.org version 1.0
1546881647113	addons.xpi	DEBUG	Registering manifest for C:\Program Files (x86)\Mozilla Firefox\browser\features\onboarding@mozilla.org.xpi
1546881647114	addons.xpi	DEBUG	Calling bootstrap method startup on onboarding@mozilla.org version 1.0
1546881647115	addons.xpi	DEBUG	Registering manifest for C:\Program Files (x86)\Mozilla Firefox\browser\features\screenshots@mozilla.org.xpi
1546881647115	addons.xpi	DEBUG	Calling bootstrap method startup on screenshots@mozilla.org version 33.0.0
1546881647115	addons.xpi	DEBUG	Registering manifest for C:\Program Files (x86)\Mozilla Firefox\browser\features\webcompat-reporter@mozilla.org.xpi
1546881647116	addons.xpi	DEBUG	Calling bootstrap method startup on webcompat-reporter@mozilla.org version 1.0.0
1546881647117	addons.xpi	DEBUG	Registering manifest for C:\Program Files (x86)\Mozilla Firefox\browser\features\webcompat@mozilla.org.xpi
1546881647120	addons.xpi	DEBUG	Calling bootstrap method startup on webcompat@mozilla.org version 2.0.1
1546881647124	addons.manager	DEBUG	Registering shutdown blocker for XPIProvider
1546881647124	addons.manager	DEBUG	Provider finished startup: XPIProvider
1546881647124	addons.manager	DEBUG	Starting provider: LightweightThemeManager
1546881647124	addons.manager	DEBUG	Registering shutdown blocker for LightweightThemeManager
1546881647126	addons.manager	DEBUG	Provider finished startup: LightweightThemeManager
1546881647127	addons.manager	DEBUG	Starting provider: GMPProvider
1546881647131	addons.manager	DEBUG	Registering shutdown blocker for GMPProvider
1546881647132	addons.manager	DEBUG	Provider finished startup: GMPProvider
1546881647132	addons.manager	DEBUG	Starting provider: PluginProvider
1546881647132	addons.manager	DEBUG	Registering shutdown blocker for PluginProvider
1546881647132	addons.manager	DEBUG	Provider finished startup: PluginProvider
1546881647140	addons.manager	DEBUG	Completed startup sequence
1546881648570	addons.repository	DEBUG	No addons.json found.
1546881651377	addons.manager	DEBUG	Registering upgrade listener for formautofill@mozilla.org
1546881652593	addons.xpi	DEBUG	Ignoring file: name is not a valid add-on ID: C:\Users\Mayu\AppData\Local\Temp\anonymous3409285503892087695webdriver-profile\extensions\webdriver-staging
1546881652594	addons.xpi	DEBUG	Existing add-on aushelper@mozilla.org in app-system-defaults
1546881652594	addons.xpi	DEBUG	Existing add-on firefox@getpocket.com in app-system-defaults
1546881652595	addons.xpi	DEBUG	Existing add-on formautofill@mozilla.org in app-system-defaults
1546881652595	addons.xpi	DEBUG	Existing add-on onboarding@mozilla.org in app-system-defaults
1546881652596	addons.xpi	DEBUG	Existing add-on screenshots@mozilla.org in app-system-defaults
1546881652596	addons.xpi	DEBUG	Existing add-on webcompat-reporter@mozilla.org in app-system-defaults
1546881652596	addons.xpi	DEBUG	Existing add-on webcompat@mozilla.org in app-system-defaults
1546881652598	addons.xpi	DEBUG	scanForChanges changed: false, state: {}
JavaScript error: resource://gre/modules/addons/XPIProvider.jsm, line 2600: TypeError: addon is null
1546881672890	addons.productaddons	INFO	sending request to: https://aus5.mozilla.org/update/3/GMP/63.0.3/20181114214635/WINNT_x86-msvc-x64/en-US/release/Windows_NT%206.1.1.0.7601%20(x64)/default/default/update.xml
1546881673741	addons.productaddons	INFO	Completed downloading document
1546881675010	addons.productaddons	INFO	downloadXHR File download. status=200
1546881675014	addons.productaddons	INFO	Downloaded file will be saved to C:\Users\Mayu\AppData\Local\Temp\tmpaddon-7f586e
1546881676571	addons.productaddons	INFO	downloadXHR File download. status=200
1546881676576	addons.productaddons	INFO	Downloaded file will be saved to C:\Users\Mayu\AppData\Local\Temp\tmpaddon-59b16c

	at org.openqa.selenium.firefox.internal.NewProfileExtensionConnection.start(NewProfileExtensionConnection.java:112)
	... 29 more
]]>
    </error>
  </testcase> <!-- test_Home_Page_Appear_Correct -->
</testsuite> <!-- Project.Projecto.Test99GuruLogin -->
