<?xml version="1.0" encoding="UTF-8"?>
<!-- Generated by org.testng.reporters.JUnitReportReporter -->
<testsuite hostname="Mayu-PC" name="test.SignInPageTest" tests="1" failures="0" timestamp="31 Jan 2019 18:12:19 GMT" time="43.899" errors="0">
  <testcase name="verifySignInFunction" time="43.899" classname="test.SignInPageTest"/>
</testsuite> <!-- test.SignInPageTest -->
